<?xml version="1.0" encoding="UTF-8"?>
<testng-results ignored="0" total="3" passed="3" failed="0" skipped="0">
  <reporter-output>
  </reporter-output>
  <suite started-at="2024-02-29T11:30:40 IST" name="Suite" finished-at="2024-02-29T11:38:29 IST" duration-ms="469186">
    <groups>
      <group name="cucumber">
        <method signature="AbstractTestNGCucumberTests.runScenario(io.cucumber.testng.PickleWrapper,io.cucumber.testng.FeatureWrapper)[pri:0, instance:testRunner.TestRunner@5386659f]" name="runScenario" class="io.cucumber.testng.AbstractTestNGCucumberTests"/>
      </group> <!-- cucumber -->
    </groups>
    <test started-at="2024-02-29T11:30:40 IST" name="Test" finished-at="2024-02-29T11:38:29 IST" duration-ms="469186">
      <class name="testRunner.TestRunner">
        <test-method is-config="true" signature="setUpClass(org.testng.ITestContext)[pri:0, instance:testRunner.TestRunner@5386659f]" started-at="2024-02-29T11:30:40 IST" name="setUpClass" finished-at="2024-02-29T11:31:03 IST" duration-ms="23038" status="PASS">
          <params>
            <param index="0">
              <value>
                <![CDATA[org.testng.TestRunner@97e310]]>
              </value>
            </param>
          </params>
          <reporter-output>
          </reporter-output>
        </test-method> <!-- setUpClass -->
        <test-method signature="runScenario(io.cucumber.testng.PickleWrapper,io.cucumber.testng.FeatureWrapper)[pri:0, instance:testRunner.TestRunner@5386659f]" started-at="2024-02-29T11:31:03 IST" name="runScenario" description="Runs Cucumber Scenarios" data-provider="scenarios" finished-at="2024-02-29T11:31:48 IST" duration-ms="44472" status="PASS">
          <params>
            <param index="0">
              <value>
                <![CDATA["Display UpComing Bikes details which should be lessthan 4Lakhs"]]>
              </value>
            </param>
            <param index="1">
              <value>
                <![CDATA["Identify New Bikes"]]>
              </value>
            </param>
          </params>
          <reporter-output>
          </reporter-output>
        </test-method> <!-- runScenario -->
        <test-method signature="runScenario(io.cucumber.testng.PickleWrapper,io.cucumber.testng.FeatureWrapper)[pri:0, instance:testRunner.TestRunner@5386659f]" started-at="2024-02-29T11:31:48 IST" name="runScenario" description="Runs Cucumber Scenarios" data-provider="scenarios" finished-at="2024-02-29T11:38:13 IST" duration-ms="384930" status="PASS">
          <params>
            <param index="0">
              <value>
                <![CDATA["Extract and Display Used Car Details By Selecting Each Car Model from Popular Models List"]]>
              </value>
            </param>
            <param index="1">
              <value>
                <![CDATA["Identify New Bikes"]]>
              </value>
            </param>
          </params>
          <reporter-output>
          </reporter-output>
        </test-method> <!-- runScenario -->
        <test-method signature="runScenario(io.cucumber.testng.PickleWrapper,io.cucumber.testng.FeatureWrapper)[pri:0, instance:testRunner.TestRunner@5386659f]" started-at="2024-02-29T11:38:13 IST" name="runScenario" description="Runs Cucumber Scenarios" data-provider="scenarios" finished-at="2024-02-29T11:38:28 IST" duration-ms="14980" status="PASS">
          <params>
            <param index="0">
              <value>
                <![CDATA["User Capture Error Message By Entering Invalid User Details"]]>
              </value>
            </param>
            <param index="1">
              <value>
                <![CDATA["Identify New Bikes"]]>
              </value>
            </param>
          </params>
          <reporter-output>
          </reporter-output>
        </test-method> <!-- runScenario -->
        <test-method is-config="true" signature="tearDownClass()[pri:0, instance:testRunner.TestRunner@5386659f]" started-at="2024-02-29T11:38:28 IST" name="tearDownClass" finished-at="2024-02-29T11:38:29 IST" duration-ms="1526" status="PASS">
          <reporter-output>
          </reporter-output>
        </test-method> <!-- tearDownClass -->
      </class> <!-- testRunner.TestRunner -->
    </test> <!-- Test -->
  </suite> <!-- Suite -->
</testng-results>
