<?xml version="1.0" encoding="UTF-8"?>
<testsuite xmlns:xsi="http://www.w3.org/2001/XMLSchema-instance" xsi:noNamespaceSchemaLocation="https://maven.apache.org/surefire/maven-surefire-plugin/xsd/surefire-test-report-3.0.xsd" version="3.0" name="TestSuite" time="471.15" tests="3" errors="0" skipped="0" failures="0">
  <properties>
[...]
</properties>
  <testcase name="runScenario[&quot;Display UpComing Bikes details which should be lessthan 4Lakhs&quot;, &quot;Identify New Bikes&quot;](1)" classname="testRunner.TestRunner" time="44.593">
    <system-out><![CDATA[
Scenario: Display UpComing Bikes details which should be lessthan 4Lakhs        &amp#27;[90m# Features/NewBikesIdentify.feature:3&amp#27;[0m
  &amp#27;[32mGiven &amp#27;[0m&amp#27;[32mThe user should be on the zigwheels.com website Home page&amp#27;[0m               &amp#27;[90m# StepDefinitions.NewBikeData.the_user_should_be_on_the_zigwheels_com_website_home_page()&amp#27;[0m
  &amp#27;[32mWhen &amp#27;[0m&amp#27;[32muser moving over NewBikes&amp#27;[0m                                                &amp#27;[90m# StepDefinitions.NewBikeData.user_moving_over_new_bikes()&amp#27;[0m
  &amp#27;[32mAnd &amp#27;[0m&amp#27;[32mUser clicking the Upcoming Bikes&amp#27;[0m                                          &amp#27;[90m# StepDefinitions.NewBikeData.user_clicking_the_upcoming_bikes()&amp#27;[0m
  &amp#27;[32mAnd &amp#27;[0m&amp#27;[32muser selects BikeType in Manfactures&amp#27;[0m                                      &amp#27;[90m# StepDefinitions.NewBikeData.user_selects_bike_type_in_manfactures()&amp#27;[0m
************Upcoming Bikes of Honda Lessthan 4Lakhs*****************
Honda CRF300L
Rs. 3.30 Lakh
Launch Date : 30 Mar 2024
------------------------------
Honda Activa Electric
Rs. 1.10 Lakh
Launch Date : Mar 2024
------------------------------
Honda Forza 350
Rs. 3.70 Lakh
Launch Date : Mar 2024
------------------------------
Honda CB350 Cruiser
Rs. 2.30 Lakh
Launch Date : Mar 2024
------------------------------
Honda Activa 7G
Rs. 79,000
Launch Date : Apr 2024
------------------------------
Honda PCX160
Rs. 1.20 Lakh
Launch Date : Jun 2024
------------------------------
Honda CBR150R
Rs. 1.70 Lakh
Launch Date : Unrevealed
------------------------------
Honda Rebel 300
Rs. 2.30 Lakh
Launch Date : Unrevealed
------------------------------
  &amp#27;[32mThen &amp#27;[0m&amp#27;[32mUser get Bike Details like BikeNames,BikePrice,LauncDates lesstha 4Lakhs&amp#27;[0m &amp#27;[90m# StepDefinitions.NewBikeData.user_get_bike_details_like_bike_names_bike_price_launc_dates_lesstha_4lakhs()&amp#27;[0m

    Embedding Display UpComing Bikes details which should be lessthan 4Lakhs [image/png 1098014 bytes]

]]></system-out>
    <system-err><![CDATA[SLF4J(W): No SLF4J providers were found.
SLF4J(W): Defaulting to no-operation (NOP) logger implementation
SLF4J(W): See https://www.slf4j.org/codes.html#noProviders for further details.
]]></system-err>
  </testcase>
  <testcase name="runScenario[&quot;Extract and Display Used Car Details By Selecting Each Car Model from Popular Models List&quot;, &quot;Identify New Bikes&quot;](2)" classname="testRunner.TestRunner" time="384.817">
    <system-out><![CDATA[
Scenario: Extract and Display Used Car Details By Selecting Each Car Model from Popular Models List &amp#27;[90m# Features/NewBikesIdentify.feature:10&amp#27;[0m
  &amp#27;[32mGiven &amp#27;[0m&amp#27;[32muser should be on the zigwheels.com website Home page&amp#27;[0m                                       &amp#27;[90m# StepDefinitions.OldCarsData.user_should_be_on_the_zigwheels_com_website_Home_page()&amp#27;[0m
  &amp#27;[32mWhen &amp#27;[0m&amp#27;[32mUser moveover to Used Cars and Click Chennai Location&amp#27;[0m                                        &amp#27;[90m# StepDefinitions.OldCarsData.user_moveover_to_used_cars_and_click_chennai_location()&amp#27;[0m
*******************Popular Models List********************
------------------
1:Maruti 800
***********************
1:Maruti 800 Maruti 800 AC
Rs. 1.00 Lakh
--------
2:Maruti 800 Maruti 800 Std
Rs. 70,000
--------
3:Maruti 800 Maruti 800 AC
Rs. 30,000
--------
4:Maruti 800 Maruti 800 AC
Rs. 55,000
--------
5:Maruti 800 Maruti 800 AC
Rs. 80,000
--------
6:Maruti 800 Maruti 800 AC
Rs. 30,000
--------
7:Maruti 800 Maruti 800 Std
Rs. 1.40 Lakh
--------
2:Maruti Swift Dzire
***********************
1:Toyota Urban cruiser Toyota Urban cruiser Premium AT
Anna Nagar West Extension
Rs. 11.25 Lakh
--------
2:Hyundai EON Hyundai EON D Lite Plus
Nungambakkam
Rs. 2.85 Lakh
--------
3:Maruti Swift 2004-2010 Maruti Swift 1.3 VXi
Nungambakkam
Rs. 2.80 Lakh
--------
4:Honda Amaze 2013-2016 Honda Amaze S i-Vtech
Chromepet
Rs. 4.30 Lakh
--------
5:BMW 3 Series 2019-2022 BMW 3 Series 320d Luxury Line
Nungambakkam
Rs. 55.00 Lakh
--------
6:Tata Nexon 2020-2023 Tata Nexon XMA AMT S BSVI
Ganapathipuram
Rs. 9.06 Lakh
--------
7:Honda City 2015-2017 Honda City i VTEC CVT SV
Meenambakkam
Rs. 5.25 Lakh
--------
8:Maruti Alto 800 2012-2016 Maruti Alto 800 LXI
Meenambakkam
Rs. 4.00 Lakh
--------
9:Maruti Alto K10 2014-2020 Maruti Alto K10 VXI AMT
Nungambakkam
Rs. 3.75 Lakh
--------
10:Maruti Wagon R 2013-2022 Maruti Wagon R AMT VXI
Royapettah
Rs. 4.80 Lakh
--------
11:Audi Q7 Audi Q7 Technology
Paltra
Rs. 81.50 Lakh
--------
12:Hyundai Grand i10 Nios 2019-2023 Hyundai Grand i10 Nios Sportz CNG
Thiruverkadu
Rs. 7.71 Lakh
--------
13:Maruti Swift Dzire 2015-2017 Maruti Swift Dzire ZXI
Anna Nagar
Rs. 7.50 Lakh
--------
14:Maruti Swift Dzire 2015-2017 Maruti Swift Dzire ZXI
MEENAMBAKKAM
Rs. 5.75 Lakh
--------
15:Maruti Dzire 2017-2020 Maruti Swift Dzire AMT ZDI
Thiruverkadu
Rs. 6.74 Lakh
--------
16:Maruti Swift Dzire Maruti Swift Dzire ZXI AT BSVI
Ganapathipuram
Rs. 8.21 Lakh
--------
17:Maruti Swift Dzire Maruti Swift Dzire VXI AT BSVI
Thiruverkadu
Rs. 7.41 Lakh
--------
18:Maruti Dzire 2017-2020 Maruti Swift Dzire VXI 1.2
Thiruverkadu
Rs. 5.58 Lakh
--------
19:Maruti Swift Dzire 2008-2012 Maruti Swift Dzire VDi
Nungambakkam
Rs. 3.10 Lakh
--------
20:Maruti Swift Dzire 2008-2012 Maruti Swift Dzire ZDi
Kolathur
Rs. 3.65 Lakh
--------
21:Maruti Swift Dzire 2015-2017 Maruti Swift Dzire VXI
Meenambakkam
Rs. 5.25 Lakh
--------
22:Maruti Swift Dzire 2008-2012 Maruti Swift Dzire VXi
Nungambakkam
Rs. 3.75 Lakh
--------
23:Maruti Swift Dzire 2015-2017 Maruti Swift Dzire VXI
Thygaraya Nagar
Rs. 3.50 Lakh
--------
24:Maruti Swift Dzire Maruti Swift Dzire VXI BSVI
Medavakkam
Rs. 7.10 Lakh
--------
25:Maruti Dzire 2017-2020 Maruti Swift Dzire AMT ZDI
Medavakkam
Rs. 7.50 Lakh
--------
26:Maruti Dzire 2017-2020 Maruti Swift Dzire VXI 1.2 BS IV
Thiruverkadu
Rs. 5.76 Lakh
--------
27:Maruti Swift Dzire Maruti Swift Dzire ZXI AT BSVI
Thiruverkadu
Rs. 8.25 Lakh
--------
28:Maruti Dzire 2017-2020 Maruti Swift Dzire AMT VXI BS IV
Ambattur
Rs. 7.45 Lakh
--------
29:Maruti Swift Dzire Maruti Swift Dzire ZXI Plus BSVI
Rs. 8.75 Lakh
--------
30:Maruti Swift Dzire 2011-2014 Maruti Swift Dzire LDI
Rs. 3.18 Lakh
--------
31:Maruti Swift Dzire Maruti Swift Dzire ZXI AT BSVI
Rs. 7.30 Lakh
--------
32:Maruti Swift Dzire Maruti Swift Dzire ZXI Plus BSVI
Rs. 7.65 Lakh
--------
33:Maruti Swift Dzire 2008-2012 Maruti Swift Dzire VXi
Rs. 3.55 Lakh
--------
34:Maruti Swift Dzire 2011-2014 Maruti Swift Dzire VDI
Rs. 5.08 Lakh
--------
35:Maruti Swift Dzire 2008-2012 Maruti Swift Dzire VXi
Rs. 2.97 Lakh
--------
36:Maruti Swift Dzire 2008-2012 Maruti Swift Dzire LXi
Rs. 4.95 Lakh
--------
3:Maruti Swift
***********************
1:Maruti Swift 2004-2010 Maruti Swift 1.3 VXi
Nungambakkam
Rs. 2.80 Lakh
--------
2:Maruti Swift 2014-2021 Maruti Swift ZXI BSIV
Meenambakkam
Rs. 5.00 Lakh
--------
3:Maruti Swift 2010-2014 Maruti Swift ZXI
Meenambakkam
Rs. 5.00 Lakh
--------
4:Maruti Swift 2014-2021 Maruti Swift VXI BSIV
Anna Nagar
Rs. 6.05 Lakh
--------
5:Maruti Swift Maruti Swift VXI
Thiruverkadu
Rs. 7.07 Lakh
--------
6:Maruti Swift 2014-2021 Maruti Swift DDiS VDI
Kottivakkam
Rs. 5.95 Lakh
--------
7:Maruti Swift 2014-2021 Maruti Swift VVT ZXI
Nandanam
Rs. 6.10 Lakh
--------
8:Maruti Swift 2018 Maruti Swift AMT VXI
Kottivakkam
Rs. 6.50 Lakh
--------
9:Maruti Swift 2014-2021 Maruti Swift ZXI
Nungambakkam
Rs. 6.95 Lakh
--------
10:Maruti Swift 2014-2021 Maruti Swift VDI BSIV
Anna Nagar
Rs. 4.99 Lakh
--------
11:Maruti Swift 2010-2014 Maruti Swift VXI
Anna Nagar
Rs. 7.25 Lakh
--------
12:Maruti Swift 2014-2021 Maruti Swift ZXI
Thiruverkadu
Rs. 6.50 Lakh
--------
13:Maruti Swift 2014-2021 Maruti Swift VXI Optional
Thiruverkadu
Rs. 4.94 Lakh
--------
14:Maruti Swift Maruti Swift VXI
Thiruverkadu
Rs. 3.99 Lakh
--------
15:Maruti Swift Maruti Swift VXI
Ganapathipuram
Rs. 4.37 Lakh
--------
16:Maruti Swift Maruti Swift VXI
Ganapathipuram
Rs. 4.98 Lakh
--------
17:Maruti Swift Maruti Swift ZXI Plus DT AMT BSVI
Thiruverkadu
Rs. 7.76 Lakh
--------
18:Maruti Swift 2014-2021 Maruti Swift VDI BSIV
Kottivakkam
Rs. 4.51 Lakh
--------
19:Maruti Swift 2014-2021 Maruti Swift AMT VXI
Anna Nagar
Rs. 6.50 Lakh
--------
20:Maruti Swift 2018 Maruti Swift VXI
Porur
Rs. 4.80 Lakh
--------
21:Maruti Swift 2010-2014 Maruti Swift VXI
Nandanam
Rs. 4.60 Lakh
--------
22:Maruti Swift 2014-2021 Maruti Swift LXI Option SP Limited Edition
Nandanam
Rs. 3.25 Lakh
--------
23:Maruti Swift 2014-2021 Maruti Swift VXI
Thiruverkadu
Rs. 5.30 Lakh
--------
24:Maruti Swift 2014-2021 Maruti Swift AMT VXI
Thiruverkadu
Rs. 6.40 Lakh
--------
25:Maruti Swift Maruti Swift VXI
Kottivakkam
Rs. 4.51 Lakh
--------
26:Maruti Swift Maruti Swift ZXI Plus
Thiruverkadu
Rs. 6.67 Lakh
--------
27:Maruti Swift 2014-2021 Maruti Swift VVT VXI
Thiruverkadu
Rs. 4.75 Lakh
--------
28:Maruti Swift Maruti Swift ZXI
Thiruverkadu
Rs. 4.83 Lakh
--------
29:Maruti Swift Maruti Swift VXI
Thiruverkadu
Rs. 4.57 Lakh
--------
30:Maruti Swift Maruti Swift VXI
Thiruverkadu
Rs. 4.79 Lakh
--------
31:Maruti Swift Maruti Swift VXI
Thiruverkadu
Rs. 4.28 Lakh
--------
32:Maruti Swift Maruti Swift ZXI
Meenambakkam
Rs. 4.43 Lakh
--------
33:Maruti Swift Maruti Swift VXI
Anna Nagar
Rs. 4.14 Lakh
--------
34:Maruti Swift 2014-2021 Maruti Swift AMT VXI
Thiruverkadu
Rs. 6.25 Lakh
--------
35:Maruti Swift 2010-2014 Maruti Swift VXI
Thiruverkadu
Rs. 3.85 Lakh
--------
36:Maruti Swift Maruti Swift ZXI
Ganapathipuram
Rs. 5.12 Lakh
--------
37:Maruti Swift Maruti Swift VXI
Thiruverkadu
Rs. 3.84 Lakh
--------
38:Maruti Swift Maruti Swift VXI
Thiruverkadu
Rs. 6.41 Lakh
--------
39:Maruti Swift Maruti Swift VXI
Thiruverkadu
Rs. 4.75 Lakh
--------
40:Maruti Swift Maruti Swift VXI
Chromepet
Rs. 4.62 Lakh
--------
41:Maruti Swift Maruti Swift VXI
Thiruverkadu
Rs. 6.75 Lakh
--------
42:Maruti Swift 2014-2021 Maruti Swift ZXI
Thygaraya Nagar
Rs. 6.40 Lakh
--------
43:Maruti Swift 2014-2021 Maruti Swift VVT VXI
Meenambakkam
Rs. 5.95 Lakh
--------
44:Maruti Swift Maruti Swift VXI
Thiruverkadu
Rs. 5.18 Lakh
--------
45:Maruti Swift 2004-2010 Maruti Swift 1.3 VXi
Thygaraya Nagar
Rs. 3.95 Lakh
--------
46:Maruti Swift 2014-2021 Maruti Swift VXI 2018
Thiruverkadu
Rs. 5.60 Lakh
--------
47:Maruti Swift 2010-2014 Maruti Swift VXI
Ambattur
Rs. 3.75 Lakh
--------
48:Maruti Swift 2014-2021 Maruti Swift VXI Optional
Ganapathipuram
Rs. 5.26 Lakh
--------
49:Maruti Swift 2014-2021 Maruti Swift VDI BSIV
MEENAMBAKKAM
Rs. 6.25 Lakh
--------
50:Maruti Swift Maruti Swift VXI
Anna Nagar
Rs. 4.94 Lakh
--------
51:Maruti Swift 2014-2021 Maruti Swift VDI BSIV
Thiruverkadu
Rs. 5.95 Lakh
--------
52:Maruti Swift 2014-2021 Maruti Swift VDI BSIV
Ambattur
Rs. 6.00 Lakh
--------
53:Maruti Swift Maruti Swift VXI BSVI
Thiruverkadu
Rs. 7.00 Lakh
--------
54:Maruti Swift 2014-2021 Maruti Swift LXI
Thiruverkadu
Rs. 6.15 Lakh
--------
55:Maruti Swift 2010-2014 Maruti Swift VXI
Thiruverkadu
Rs. 4.60 Lakh
--------
56:Maruti Swift 2010-2014 Maruti Swift RS VXI
Thygaraya Nagar
Rs. 4.00 Lakh
--------
57:Maruti Swift 2018 Maruti Swift VXI
Anna Nagar
Rs. 5.30 Lakh
--------
58:Maruti Swift 2004-2010 Maruti Swift 1.2 VXi BSII
MEENAMBAKKAM
Rs. 1.90 Lakh
--------
59:Maruti Swift Maruti Swift VXI
MEENAMBAKKAM
Rs. 6.88 Lakh
--------
60:Maruti Swift 2004-2010 Maruti Swift VXI with ABS
Ganapathipuram
Rs. 2.50 Lakh
--------
61:Maruti Swift 2010-2014 Maruti Swift LXI
Ambattur
Rs. 4.75 Lakh
--------
62:Maruti Swift 2010-2014 Maruti Swift VXI
Anna Nagar
Rs. 4.95 Lakh
--------
63:Maruti Swift 2014-2021 Maruti Swift VXI
Rs. 6.60 Lakh
--------
64:Maruti Swift 2004-2010 Maruti Swift 1.3 VXI ABS
Rs. 2.50 Lakh
--------
65:Maruti Swift 2004-2010 Maruti Swift 1.3 VXI ABS
Rs. 2.75 Lakh
--------
66:Maruti Swift Maruti Swift VXI
Rs. 4.65 Lakh
--------
67:Maruti Swift 2014-2021 Maruti Swift VDI
Rs. 5.25 Lakh
--------
68:Maruti Swift 2014-2021 Maruti Swift LXI
Rs. 6.45 Lakh
--------
69:Maruti Swift Maruti Swift VXI
Rs. 6.30 Lakh
--------
70:Maruti Swift Maruti Swift VXI
Rs. 4.24 Lakh
--------
71:Maruti Swift Maruti Swift ZXI
Rs. 4.79 Lakh
--------
72:Maruti Swift 2014-2021 Maruti Swift ZXI Plus
Rs. 8.25 Lakh
--------
73:Maruti Swift 2011-2014 Maruti Swift VXI
Rs. 7.60 Lakh
--------
74:Maruti Swift 2011-2014 Maruti Swift VXI
Rs. 4.75 Lakh
--------
75:Maruti Swift 2011-2014 Maruti Swift ZDi
Rs. 4.55 Lakh
--------
76:Maruti Swift 2014-2021 Maruti Swift VDI Optional
Rs. 6.00 Lakh
--------
77:Maruti Swift 2004-2010 Maruti Swift 1.2 Ldi BSIII
Rs. 2.35 Lakh
--------
78:Maruti Swift 2014-2021 Maruti Swift VDI
Rs. 6.75 Lakh
--------
79:Maruti Swift 2014-2021 Maruti Swift VDI
Rs. 7.00 Lakh
--------
80:Maruti Swift 2004-2010 Maruti Swift 1.2 VDI BSII
Rs. 2.70 Lakh
--------
81:Maruti Swift 2010-2014 Maruti Swift VDI
Rs. 3.50 Lakh
--------
82:Maruti Swift 2010-2014 Maruti Swift ZXI
Rs. 3.25 Lakh
--------
83:Maruti Swift 2014-2021 Maruti Swift VDI Optional
Rs. 5.20 Lakh
--------
84:Maruti Swift 2014-2021 Maruti Swift VXI
Rs. 4.50 Lakh
--------
85:Maruti Swift 2014-2021 Maruti Swift VXI
Rs. 5.70 Lakh
--------
86:Maruti Swift Maruti Swift VXI
Rs. 7.50 Lakh
--------
87:Maruti Swift 2010-2014 Maruti Swift RS VDI
Rs. 4.50 Lakh
--------
88:Maruti Swift 2014-2021 Maruti Swift VXI
Rs. 3.85 Lakh
--------
89:Maruti Swift 2018 Maruti Swift ZXI Plus
Rs. 6.50 Lakh
--------
90:Maruti Swift 2010-2014 Maruti Swift ZDi
Rs. 5.50 Lakh
--------
91:Maruti Swift 2014-2021 Maruti Swift AMT VDI
Rs. 6.00 Lakh
--------
92:Maruti Swift 2014-2021 Maruti Swift VXI
Rs. 5.80 Lakh
--------
93:Maruti Swift 2014-2021 Maruti Swift LXI Option
Rs. 4.90 Lakh
--------
94:Maruti Swift 2004-2010 Maruti Swift 1.2 VDI BSII W ABS
Rs. 1.50 Lakh
--------
95:Maruti Swift 2014-2021 Maruti Swift VXI Optional
Rs. 5.45 Lakh
--------
96:Maruti Swift 2004-2010 Maruti Swift VXI BSII
Rs. 3.00 Lakh
--------
97:Maruti Swift 2014-2021 Maruti Swift VXI
Rs. 5.00 Lakh
--------
98:Maruti Swift 2010-2014 Maruti Swift RS VXI
Rs. 4.80 Lakh
--------
99:Maruti Swift 2014-2021 Maruti Swift ZXI
Rs. 6.90 Lakh
--------
100:Maruti Swift 2004-2010 Maruti Swift 1.2 VDI BSII
Rs. 4.50 Lakh
--------
101:Maruti Swift 2014-2021 Maruti Swift VDI
Rs. 6.00 Lakh
--------
102:Maruti Swift 2004-2010 Maruti Swift 1.2 VDI BSII
Rs. 2.00 Lakh
--------
103:Maruti Swift Maruti Swift LXI BSVI
Rs. 5.50 Lakh
--------
104:Maruti Swift 2014-2021 Maruti Swift VDI
Rs. 4.50 Lakh
--------
105:Maruti Swift 2004-2010 Maruti Swift 1.3 VXi
Rs. 3.00 Lakh
--------
106:Maruti Swift Maruti Swift ZXI BSVI
Rs. 5.40 Lakh
--------
107:Maruti Swift 2018 Maruti Swift VDI
Rs. 4.50 Lakh
--------
4:Hyundai I10
***********************
1:Toyota Urban cruiser Toyota Urban cruiser Premium AT
Anna Nagar West Extension
Rs. 11.25 Lakh
--------
2:Hyundai EON Hyundai EON D Lite Plus
Nungambakkam
Rs. 2.85 Lakh
--------
3:Maruti Swift 2004-2010 Maruti Swift 1.3 VXi
Nungambakkam
Rs. 2.80 Lakh
--------
4:Honda Amaze 2013-2016 Honda Amaze S i-Vtech
Chromepet
Rs. 4.30 Lakh
--------
5:BMW 3 Series 2019-2022 BMW 3 Series 320d Luxury Line
Nungambakkam
Rs. 55.00 Lakh
--------
6:Tata Nexon 2020-2023 Tata Nexon XMA AMT S BSVI
Ganapathipuram
Rs. 9.06 Lakh
--------
7:Honda City 2015-2017 Honda City i VTEC CVT SV
Meenambakkam
Rs. 5.25 Lakh
--------
8:Maruti Alto 800 2012-2016 Maruti Alto 800 LXI
Meenambakkam
Rs. 4.00 Lakh
--------
9:Maruti Alto K10 2014-2020 Maruti Alto K10 VXI AMT
Nungambakkam
Rs. 3.75 Lakh
--------
10:Maruti Wagon R 2013-2022 Maruti Wagon R AMT VXI
Royapettah
Rs. 4.80 Lakh
--------
11:Audi Q7 Audi Q7 Technology
Paltra
Rs. 81.50 Lakh
--------
12:Hyundai Grand i10 Nios 2019-2023 Hyundai Grand i10 Nios Sportz CNG
Thiruverkadu
Rs. 7.71 Lakh
--------
13:Hyundai i10 Hyundai i10 Magna
Ambattur
Rs. 3.20 Lakh
--------
14:Hyundai i10 2007-2010 Hyundai i10 Asta 1.2
MEENAMBAKKAM
Rs. 2.90 Lakh
--------
15:Hyundai i10 Hyundai i10 Magna
Nungambakkam
Rs. 3.10 Lakh
--------
16:Hyundai i10 Hyundai i10 Sportz
Anna Nagar
Rs. 2.85 Lakh
--------
17:Hyundai i10 Hyundai i10 Asta
Meenambakkam
Rs. 2.70 Lakh
--------
18:Hyundai i10 Hyundai i10 Magna 1.1L
Thiruverkadu
Rs. 3.03 Lakh
--------
19:Hyundai i10 Hyundai i10 Magna
Nungambakkam
Rs. 2.15 Lakh
--------
20:Hyundai i10 Hyundai i10 Magna
Kolathur
Rs. 2.50 Lakh
--------
21:Hyundai i10 Hyundai i10 Sportz
Ambattur
Rs. 2.90 Lakh
--------
22:Hyundai i10 2007-2010 Hyundai i10 Sportz 1.2
Thygaraya Nagar
Rs. 2.35 Lakh
--------
23:Hyundai i10 Hyundai i10 Magna
Thygaraya Nagar
Rs. 2.75 Lakh
--------
24:Hyundai i10 Hyundai i10 Magna
Kottivakkam
Rs. 2.88 Lakh
--------
25:Hyundai i10 2007-2010 Hyundai i10 Sportz 1.2
Meenambakkam
Rs. 2.10 Lakh
--------
26:Hyundai i10 Hyundai i10 Magna
Nungambakkam
Rs. 3.25 Lakh
--------
27:Hyundai i10 Hyundai i10 Magna
Thygaraya Nagar
Rs. 1.70 Lakh
--------
28:Hyundai i10 Hyundai i10 Sportz AT
Thygaraya Nagar
Rs. 3.10 Lakh
--------
29:Hyundai i10 2007-2010 Hyundai i10 Magna AT
MEENAMBAKKAM
Rs. 3.15 Lakh
--------
30:Hyundai i10 2007-2010 Hyundai i10 Sportz 1.2
Thiruverkadu
Rs. 2.80 Lakh
--------
31:Hyundai i10 Hyundai i10 Asta
MEENAMBAKKAM
Rs. 2.20 Lakh
--------
32:Hyundai i10 2007-2010 Hyundai i10 Magna AT
MEENAMBAKKAM
Rs. 2.50 Lakh
--------
33:Hyundai i10 Hyundai i10 Sportz AT
Ambattur
Rs. 2.75 Lakh
--------
34:Hyundai i10 2007-2010 Hyundai i10 Magna 1.2
Rs. 2.40 Lakh
--------
35:Hyundai i10 2007-2010 Hyundai i10 Magna AT
Rs. 2.60 Lakh
--------
36:Hyundai i10 Hyundai i10 Magna
Rs. 2.80 Lakh
--------
37:Hyundai i10 2007-2010 Hyundai i10 Sportz 1.2
Rs. 1.65 Lakh
--------
38:Hyundai i10 Hyundai i10 Era
Rs. 2.40 Lakh
--------
39:Hyundai i10 Hyundai i10 Era
Rs. 2.40 Lakh
--------
40:Hyundai i10 2007-2010 Hyundai i10 Magna 1.1
Rs. 3.40 Lakh
--------
41:Hyundai i10 Hyundai i10 Magna
Rs. 2.71 Lakh
--------
42:Hyundai i10 Hyundai i10 Magna
Rs. 2.70 Lakh
--------
43:Hyundai i10 Hyundai i10 Era
Rs. 2.25 Lakh
--------
44:Hyundai i10 2007-2010 Hyundai i10 Sportz 1.2
Rs. 2.02 Lakh
--------
45:Hyundai i10 Hyundai i10 Magna
Rs. 2.50 Lakh
--------
46:Hyundai i10 2007-2010 Hyundai i10 Sportz 1.2
Rs. 2.10 Lakh
--------
47:Hyundai i10 Hyundai i10 Magna
Rs. 2.50 Lakh
--------
48:Hyundai i10 Hyundai i10 Era
Rs. 2.00 Lakh
--------
49:Hyundai i10 Hyundai i10 Sportz
Rs. 3.25 Lakh
--------
50:Hyundai i10 Hyundai i10 Magna 1.2 iTech SE
Rs. 3.00 Lakh
--------
51:Hyundai i10 Hyundai i10 Magna 1.1 iTech SE
Rs. 3.50 Lakh
--------
52:Hyundai i10 Hyundai i10 Sportz
Rs. 2.10 Lakh
--------
53:Hyundai i10 Hyundai i10 Era
Rs. 2.00 Lakh
--------
54:Hyundai i10 Hyundai i10 Magna
Rs. 2.50 Lakh
--------
55:Hyundai i10 2007-2010 Hyundai i10 Sportz 1.2
Rs. 2.30 Lakh
--------
56:Hyundai i10 2007-2010 Hyundai i10 Magna 1.1
Rs. 1.80 Lakh
--------
57:Hyundai i10 2007-2010 Hyundai i10 Magna 1.1
Rs. 1.80 Lakh
--------
58:Hyundai i10 Hyundai i10 Magna
Rs. 2.50 Lakh
--------
59:Hyundai i10 Hyundai i10 Magna
Rs. 2.80 Lakh
--------
60:Hyundai i10 Hyundai i10 Magna
Rs. 3.00 Lakh
--------
61:Hyundai i10 Hyundai i10 Magna 1.1L
Rs. 3.00 Lakh
--------
62:Hyundai i10 Hyundai i10 Sportz 1.1L
Rs. 2.70 Lakh
--------
63:Hyundai i10 Hyundai i10 Magna
Rs. 3.20 Lakh
--------
64:Hyundai i10 Hyundai i10 Sportz 1.1L
Rs. 5.00 Lakh
--------
65:Hyundai i10 Hyundai i10 Magna
Rs. 2.15 Lakh
--------
66:Hyundai i10 2007-2010 Hyundai i10 Magna 1.1
Rs. 1.00 Lakh
--------
67:Hyundai i10 Hyundai i10 Magna
Rs. 2.90 Lakh
--------
68:Hyundai i10 Hyundai i10 Magna
Rs. 3.00 Lakh
--------
69:Hyundai i10 Hyundai i10 Magna
Rs. 2.40 Lakh
--------
70:Hyundai i10 Hyundai i10 Sportz 1.1L LPG
Rs. 2.50 Lakh
--------
71:Hyundai i10 Hyundai i10 Magna
Rs. 2.40 Lakh
--------
72:Hyundai i10 Hyundai i10 Magna
Rs. 2.43 Lakh
--------
73:Hyundai i10 2007-2010 Hyundai i10 Magna 1.2
Rs. 1.80 Lakh
--------
74:Hyundai i10 2007-2010 Hyundai i10 Magna 1.1
Rs. 2.00 Lakh
--------
5:Hyundai Santro Xing
***********************
1:Hyundai Santro Xing Hyundai Santro Xing GL Plus
Anna Nagar
Rs. 2.50 Lakh
--------
2:Hyundai Santro Xing Hyundai Santro Xing XL
MEENAMBAKKAM
Rs. 1.10 Lakh
--------
3:Hyundai Santro Xing Hyundai Santro Xing XL
Rs. 1.50 Lakh
--------
4:Hyundai Santro Xing Hyundai Santro Xing XO eRLX Euro II
Rs. 1.85 Lakh
--------
5:Hyundai Santro Xing Hyundai Santro Xing XL
Rs. 1.20 Lakh
--------
6:Hyundai Santro Xing Hyundai Santro Xing XO
Rs. 1.30 Lakh
--------
7:Hyundai Santro Xing Hyundai Santro Xing GLS
Rs. 2.00 Lakh
--------
8:Hyundai Santro Xing Hyundai Santro Xing GL
Rs. 3.00 Lakh
--------
9:Hyundai Santro Xing Hyundai Santro Xing XG eRLX Euro II
Rs. 1.30 Lakh
--------
10:Hyundai Santro Xing Hyundai Santro Xing GL
Rs. 1.00 Lakh
--------
11:Hyundai Santro Xing Hyundai Santro Xing XL
Rs. 60,000
--------
12:Hyundai Santro Xing Hyundai Santro Xing GLS LPG
Rs. 75,000
--------
13:Hyundai Santro Xing Hyundai Santro Xing XL
Rs. 50,000
--------
6:Honda City
***********************
1:Honda City 2015-2017 Honda City i VTEC CVT SV
Meenambakkam
Rs. 5.25 Lakh
--------
2:Honda City 4th Generation Honda City i-VTEC CVT ZX
Nungambakkam
Rs. 14.40 Lakh
--------
3:Honda City 2014-2015 Honda City i VTEC CVT SV
Meenambakkam
Rs. 5.25 Lakh
--------
4:Honda City 2015-2017 Honda City i VTEC SV
Anna Nagar West Extension
Rs. 5.65 Lakh
--------
5:Honda City 2014-2015 Honda City i VTEC S
Thiruverkadu
Rs. 5.96 Lakh
--------
6:Honda City 2015-2017 Honda City i VTEC V
Thiruverkadu
Rs. 8.10 Lakh
--------
7:Honda City 2015-2017 Honda City i VTEC VX
Nandanam
Rs. 6.85 Lakh
--------
8:Honda City 2015-2017 Honda City i VTEC VX Option BL
Kilpauk
Rs. 6.95 Lakh
--------
9:Honda City 2015-2017 Honda City i VTEC CVT VX
Thiruverkadu
Rs. 7.18 Lakh
--------
10:Honda City 2014-2015 Honda City i DTEC V
Thiruverkadu
Rs. 6.19 Lakh
--------
11:Honda City 2008-2011 Honda City 1.5 V MT Exclusive
Anna Nagar
Rs. 6.00 Lakh
--------
12:Honda City 2008-2011 Honda City 1.5 V MT Exclusive
Anna Nagar
Rs. 5.55 Lakh
--------
13:Honda City 2014-2015 Honda City i VTEC CVT VX
Nungambakkam
Rs. 7.50 Lakh
--------
14:Honda City 4th Generation Honda City VX MT
Anna Nagar
Rs. 6.00 Lakh
--------
15:Honda City 2014-2015 Honda City i VTEC CVT SV
Thiruverkadu
Rs. 5.73 Lakh
--------
16:Honda City 2015-2017 Honda City i VTEC V
Thiruverkadu
Rs. 7.81 Lakh
--------
17:Honda City 4th Generation Honda City i-VTEC VX
Anna Nagar
Rs. 10.25 Lakh
--------
18:Honda City 2014-2015 Honda City i VTEC CVT SV
Thiruverkadu
Rs. 5.71 Lakh
--------
19:Honda City 2015-2017 Honda City i VTEC V
Ganapathipuram
Rs. 5.78 Lakh
--------
20:Honda City 2015-2017 Honda City i VTEC V
Thiruverkadu
Rs. 5.59 Lakh
--------
21:Honda City 2014-2015 Honda City i VTEC V
Ambattur
Rs. 7.10 Lakh
--------
22:Honda City 2011-2013 Honda City V MT
Thiruverkadu
Rs. 4.73 Lakh
--------
23:Honda City 2015-2017 Honda City i VTEC V
Thiruverkadu
Rs. 7.29 Lakh
--------
24:Honda City 2020-2023 Honda City ZX MT
Ganapathipuram
Rs. 12.94 Lakh
--------
25:Honda City 2008-2011 Honda City 1.5 V MT Exclusive
Anna Nagar
Rs. 5.80 Lakh
--------
26:Honda City 2008-2011 Honda City 1.5 V MT Exclusive
Anna Nagar
Rs. 6.90 Lakh
--------
27:Honda City 2015-2017 Honda City i VTEC VX
Nungambakkam
Rs. 6.80 Lakh
--------
28:Honda City 2020-2023 Honda City ZX CVT
Thiruverkadu
Rs. 12.08 Lakh
--------
29:Honda City 2014-2015 Honda City i VTEC CVT SV
Kottivakkam
Rs. 6.35 Lakh
--------
30:Honda City 2008-2011 Honda City 1.5 V MT Exclusive
Anna Nagar
Rs. 8.50 Lakh
--------
31:Honda City 2015-2017 Honda City i VTEC V
Meenambakkam
Rs. 6.90 Lakh
--------
32:Honda City 4th Generation Honda City i-VTEC CVT ZX
Ganapathipuram
Rs. 7.69 Lakh
--------
33:Honda City 2014-2015 Honda City i VTEC CVT SV
Anna Nagar
Rs. 7.00 Lakh
--------
34:Honda City 4th Generation Honda City i-VTEC ZX
Medavakkam
Rs. 12.90 Lakh
--------
35:Honda City 2015-2017 Honda City i VTEC CVT VX
Ganapathipuram
Rs. 8.26 Lakh
--------
36:Honda City 2015-2017 Honda City i VTEC V
Thiruverkadu
Rs. 6.60 Lakh
--------
37:Honda City 2020-2023 Honda City ZX MT
Thiruverkadu
Rs. 11.81 Lakh
--------
38:Honda City 4th Generation Honda City i-VTEC CVT ZX
Ganapathipuram
Rs. 10.75 Lakh
--------
39:Honda City 2014-2015 Honda City i VTEC VX
Kottivakkam
Rs. 5.95 Lakh
--------
40:Honda City 2008-2011 Honda City 1.5 S MT
Anna Nagar
Rs. 6.10 Lakh
--------
41:Honda City 4th Generation Honda City SV MT
Anna Nagar
Rs. 7.72 Lakh
--------
42:Honda City 2015-2017 Honda City i VTEC SV
Ganapathipuram
Rs. 5.23 Lakh
--------
43:Honda City 2015-2017 Honda City i VTEC CVT VX
MEENAMBAKKAM
Rs. 6.50 Lakh
--------
44:Honda City 2008-2011 Honda City 1.5 V MT Exclusive
Thiruverkadu
Rs. 6.90 Lakh
--------
45:Honda City 4th Generation Honda City V MT
Chromepet
Rs. 9.40 Lakh
--------
46:Honda City 2011-2013 Honda City V AT
Thiruverkadu
Rs. 4.75 Lakh
--------
47:Honda City 2015-2017 Honda City i VTEC V
Ganapathipuram
Rs. 7.43 Lakh
--------
48:Honda City 4th Generation Honda City i-VTEC CVT ZX
Thiruverkadu
Rs. 10.88 Lakh
--------
49:Honda City 2014-2015 Honda City i VTEC CVT SV
Ganapathipuram
Rs. 5.69 Lakh
--------
50:Honda City 2014-2015 Honda City i VTEC CVT VX
Thiruverkadu
Rs. 6.46 Lakh
--------
51:Honda City 2008-2011 Honda City 1.5 V MT
Thiruverkadu
Rs. 4.07 Lakh
--------
52:Honda City 2015-2017 Honda City i VTEC V
Thiruverkadu
Rs. 5.51 Lakh
--------
53:Honda City 2020-2023 Honda City V MT
Thiruverkadu
Rs. 8.85 Lakh
--------
54:Honda City 2015-2017 Honda City i VTEC SV
Ganapathipuram
Rs. 5.51 Lakh
--------
55:Honda City 2015-2017 Honda City i VTEC S
Thiruverkadu
Rs. 5.41 Lakh
--------
56:Honda City 4th Generation Honda City ZX CVT
Ganapathipuram
Rs. 10.88 Lakh
--------
57:Honda City 2015-2017 Honda City i VTEC V
Thiruverkadu
Rs. 6.75 Lakh
--------
58:Honda City 4th Generation Honda City i-DTEC ZX
Thiruverkadu
Rs. 8.17 Lakh
--------
59:Honda City 2014-2015 Honda City i VTEC V
Thiruverkadu
Rs. 6.21 Lakh
--------
60:Honda City 2020-2023 Honda City VX MT
Kottivakkam
Rs. 9.82 Lakh
--------
61:Honda City 4th Generation Honda City i-VTEC ZX
Nungambakkam
Rs. 7.40 Lakh
--------
62:Honda City 4th Generation Honda City i-VTEC CVT ZX
Kolathur
Rs. 13.60 Lakh
--------
63:Honda City 4th Generation Honda City SV MT
Chromepet
Rs. 7.80 Lakh
--------
64:Honda City 2015-2017 Honda City i VTEC V
Meenambakkam
Rs. 6.80 Lakh
--------
65:Honda City 2014-2015 Honda City i VTEC VX
Meenambakkam
Rs. 5.60 Lakh
--------
66:Honda City 2014-2015 Honda City i VTEC V
Ganapathipuram
Rs. 5.90 Lakh
--------
67:Honda City 2015-2017 Honda City i VTEC CVT VX
Kottivakkam
Rs. 7.36 Lakh
--------
68:Honda City 4th Generation Honda City i-VTEC V
Kottivakkam
Rs. 6.96 Lakh
--------
69:Honda City 2014-2015 Honda City i VTEC VX
Kottivakkam
Rs. 5.60 Lakh
--------
70:Honda City 2014-2015 Honda City i DTEC V
Thygaraya Nagar
Rs. 5.90 Lakh
--------
71:Honda City 4th Generation Honda City Anniversary i-VTEC CVT ZX
Ganapathipuram
Rs. 11.00 Lakh
--------
72:Honda City 2020-2023 Honda City ZX CVT
Ganapathipuram
Rs. 13.25 Lakh
--------
73:Honda City 2014-2015 Honda City i VTEC SV
Meenambakkam
Rs. 5.30 Lakh
--------
74:Honda City 2000-2003 Honda City 1.5 EXI S
Thiruverkadu
Rs. 2.50 Lakh
--------
75:Honda City 2015-2017 Honda City i VTEC V
Thygaraya Nagar
Rs. 6.31 Lakh
--------
76:Honda City 2003-2005 Honda City 1.5 GXI
Thygaraya Nagar
Rs. 1.30 Lakh
--------
77:Honda City 2014-2015 Honda City i VTEC SV
Anna Nagar West Extension
Rs. 5.90 Lakh
--------
78:Honda City 2014-2015 Honda City V AT
Kottivakkam
Rs. 3.96 Lakh
--------
79:Honda City 2015-2017 Honda City i DTec VX
Meenambakkam
Rs. 8.75 Lakh
--------
80:Honda City 4th Generation Honda City ZX MT
Ambattur
Rs. 12.30 Lakh
--------
81:Honda City 4th Generation Honda City Anniversary i-VTEC CVT ZX
Anna Nagar
Rs. 9.80 Lakh
--------
82:Honda City 2014-2015 Honda City i VTEC E
Anna Nagar
Rs. 6.05 Lakh
--------
83:Honda City 2020-2023 Honda City V MT
Ganapathipuram
Rs. 10.00 Lakh
--------
84:Honda City 2015-2017 Honda City i DTec SV
MEENAMBAKKAM
Rs. 7.60 Lakh
--------
85:Honda City Honda City V CVT
Anna Nagar
Rs. 11.75 Lakh
--------
86:Honda City 4th Generation Honda City VX MT
Medavakkam
Rs. 9.90 Lakh
--------
87:Honda City 2008-2011 Honda City 1.5 V MT
Anna Nagar
Rs. 3.70 Lakh
--------
88:Honda City 4th Generation Honda City VX MT
Anna Nagar
Rs. 8.70 Lakh
--------
89:Honda City 2015-2017 Honda City i VTEC CVT SV
Anna Nagar
Rs. 5.99 Lakh
--------
90:Honda City 2014-2015 Honda City i VTEC SV
Anna Nagar
Rs. 5.90 Lakh
--------
91:Honda City 2020-2023 Honda City V CVT
MEENAMBAKKAM
Rs. 12.00 Lakh
--------
92:Honda City 2014-2015 Honda City i VTEC SV
Porur
Rs. 5.90 Lakh
--------
93:Honda City 2014-2015 Honda City i VTEC CVT VX
Porur
Rs. 7.35 Lakh
--------
94:Honda City 2015-2017 Honda City i VTEC V
Porur
Rs. 7.00 Lakh
--------
95:Honda City 4th Generation Honda City SV MT
Anna Nagar
Rs. 5.20 Lakh
--------
96:Honda City 2008-2011 Honda City 1.5 V MT Exclusive
Porur
Rs. 5.60 Lakh
--------
97:Honda City 2015-2017 Honda City i VTEC VX
Anna Nagar
Rs. 7.26 Lakh
--------
98:Honda City 4th Generation Honda City VX MT
Chromepet
Rs. 5.70 Lakh
--------
99:Honda City 2008-2011 Honda City 1.5 V MT Exclusive
Ambattur
Rs. 9.80 Lakh
--------
100:Honda City 4th Generation Honda City i-VTEC VX
Rs. 8.30 Lakh
--------
101:Honda City 2008-2011 Honda City 1.5 V MT Exclusive
Rs. 9.00 Lakh
--------
102:Honda City 2015-2017 Honda City i VTEC CVT SV
Rs. 5.65 Lakh
--------
103:Honda City 2014-2015 Honda City i VTEC CVT SV
Rs. 7.00 Lakh
--------
104:Honda City 2014-2015 Honda City i VTEC CVT VX
Rs. 6.80 Lakh
--------
105:Honda City 4th Generation Honda City SV MT
Rs. 5.30 Lakh
--------
106:Honda City 4th Generation Honda City VX MT
Rs. 8.00 Lakh
--------
107:Honda City 2008-2011 Honda City 1.5 V MT Exclusive
Rs. 7.50 Lakh
--------
108:Honda City 4th Generation Honda City ZX MT
Rs. 9.75 Lakh
--------
109:Honda City 2008-2011 Honda City 1.5 V MT Exclusive
Rs. 5.70 Lakh
--------
110:Honda City 2008-2011 Honda City 1.5 V MT Exclusive
Rs. 4.55 Lakh
--------
111:Honda City 4th Generation Honda City SV MT
Rs. 7.55 Lakh
--------
112:Honda City 2015-2017 Honda City i VTEC CVT VX
Rs. 7.00 Lakh
--------
113:Honda City 2014-2015 Honda City i VTEC S
Rs. 5.50 Lakh
--------
114:Honda City 2014-2015 Honda City i VTEC CVT VX
Rs. 7.00 Lakh
--------
115:Honda City 4th Generation Honda City i-VTEC CVT V
Rs. 10.00 Lakh
--------
116:Honda City 4th Generation Honda City i-VTEC V
Rs. 7.55 Lakh
--------
117:Honda City 2008-2011 Honda City 1.5 S MT
Rs. 3.00 Lakh
--------
118:Honda City 2008-2011 Honda City 1.5 S MT
Rs. 4.00 Lakh
--------
119:Honda City 2014-2015 Honda City i VTEC CVT VX
Rs. 6.00 Lakh
--------
120:Honda City 2011-2013 Honda City S
Rs. 2.76 Lakh
--------
121:Honda City 2014-2015 Honda City i VTEC CVT VX
Rs. 6.83 Lakh
--------
122:Honda City 2014-2015 Honda City i DTEC SV
Rs. 5.00 Lakh
--------
123:Honda City 2014-2015 Honda City i VTEC CVT SV
Rs. 6.50 Lakh
--------
124:Honda City 2011-2013 Honda City 1.5 S AT
Rs. 4.15 Lakh
--------
125:Honda City 2015-2017 Honda City i VTEC V
Rs. 6.60 Lakh
--------
126:Honda City ZX 2005-2008 Honda City EXi
Rs. 1.50 Lakh
--------
127:Honda City 2014-2015 Honda City i VTEC V
Rs. 5.90 Lakh
--------
128:Honda City 2020-2023 Honda City ZX MT
Rs. 9.00 Lakh
--------
7:Toyota Innova
***********************
1:Toyota Innova 2004-2011 Toyota Innova 2.5 G4 Diesel 8-seater
Kolathur
Rs. 4.65 Lakh
--------
2:Toyota Innova 2004-2011 Toyota Innova 2.5 V Diesel 7-seater
Kottivakkam
Rs. 5.40 Lakh
--------
3:Toyota Innova 2012-2013 Toyota Innova 2.5 G (Diesel) 7 Seater
Rs. 8.25 Lakh
--------
4:Toyota Innova Toyota Innova 2.5 G (Diesel) 7 Seater
Rs. 11.75 Lakh
--------
5:Toyota Innova Toyota Innova 2.5 VX (Diesel) 7 Seater BS IV
Rs. 12.69 Lakh
--------
6:Toyota Innova 2009-2012 Toyota Innova 2.5 VX 7 STR
Rs. 11.15 Lakh
--------
7:Toyota Innova 2004-2011 Toyota Innova 2.5 G (Diesel) 8 Seater BS III
Rs. 8.50 Lakh
--------
8:Toyota Innova 2012-2013 Toyota Innova 2.5 G (Diesel) 8 Seater BS IV
Rs. 12.00 Lakh
--------
9:Toyota Innova 2012-2013 Toyota Innova 2.5 G (Diesel) 8 Seater BS IV
Rs. 12.00 Lakh
--------
10:Toyota Innova 2004-2011 Toyota Innova 2.5 G4 Diesel 8-seater
Rs. 7.00 Lakh
--------
11:Toyota Innova Toyota Innova 2.5 G (Diesel) 8 Seater
Rs. 15.00 Lakh
--------
12:Toyota Innova 2012-2013 Toyota Innova 2.5 G (Diesel) 8 Seater
Rs. 7.50 Lakh
--------
13:Toyota Innova Toyota Innova 2.5 VX (Diesel) 8 Seater BS IV
Rs. 15.00 Lakh
--------
14:Toyota Innova 2004-2011 Toyota Innova 2.5 E
Rs. 6.99 Lakh
--------
15:Toyota Innova 2004-2011 Toyota Innova 2.5 G4 Diesel 8-seater
Rs. 6.50 Lakh
--------
8:Toyota Fortuner
***********************
1:Toyota Fortuner 2011-2016 Toyota Fortuner 4x4 MT
Nungambakkam
Rs. 15.75 Lakh
--------
2:Toyota Fortuner 2016-2021 Toyota Fortuner TRD 4X4 AT
Nungambakkam
Rs. 31.90 Lakh
--------
3:Toyota Fortuner 2016-2021 Toyota Fortuner 2.8 4WD AT
Kottivakkam
Rs. 31.00 Lakh
--------
4:Toyota Fortuner 2009-2011 Toyota Fortuner 3.0 Diesel
Nungambakkam
Rs. 10.75 Lakh
--------
5:Toyota Fortuner Toyota Fortuner 4X4 Diesel
Thygaraya Nagar
Rs. 38.00 Lakh
--------
6:Toyota Fortuner Toyota Fortuner 4X2 Diesel BSVI
Rs. 37.00 Lakh
--------
7:Toyota Fortuner Toyota Fortuner 4X2 Diesel AT
Rs. 41.00 Lakh
--------
9:Mahindra XUV500
***********************
1:Mahindra XUV500 Mahindra XUV500 AT W6 2WD
Nungambakkam
Rs. 14.00 Lakh
--------
2:Mahindra XUV500 Mahindra XUV500 AT W9 2WD
Anna Nagar
Rs. 13.85 Lakh
--------
3:Mahindra XUV500 Mahindra XUV500 W9 1.99
Ashoknagar
Rs. 17.50 Lakh
--------
4:Mahindra XUV500 Mahindra XUV500 W7
Ganapathipuram
Rs. 12.29 Lakh
--------
5:Mahindra XUV500 2011-2015 Mahindra XUV500 W6 2WD
Ganapathipuram
Rs. 6.80 Lakh
--------
6:Mahindra XUV500 Mahindra XUV500 W11 Option AT BSIV
Porur
Rs. 15.45 Lakh
--------
7:Mahindra XUV500 2011-2015 Mahindra XUV500 W6 2WD
Thiruverkadu
Rs. 5.65 Lakh
--------
8:Mahindra XUV500 2011-2015 Mahindra XUV500 W4
Thygaraya Nagar
Rs. 8.75 Lakh
--------
9:Mahindra XUV500 Mahindra XUV500 W4
Thygaraya Nagar
Rs. 6.30 Lakh
--------
10:Mahindra XUV500 2011-2015 Mahindra XUV500 W6 2WD
Rs. 7.95 Lakh
--------
11:Mahindra XUV500 2011-2015 Mahindra XUV500 W8 2WD
Rs. 8.50 Lakh
--------
12:Mahindra XUV500 Mahindra XUV500 W9
Rs. 16.35 Lakh
--------
13:Mahindra XUV500 Mahindra XUV500 W4 1.99 mHawk
Rs. 5.75 Lakh
--------
14:Mahindra XUV500 Mahindra XUV500 W7 AT
Rs. 14.50 Lakh
--------
15:Mahindra XUV500 Mahindra XUV500 AT W6 2WD
Rs. 14.50 Lakh
--------
16:Mahindra XUV500 Mahindra XUV500 W6 2WD
Rs. 9.50 Lakh
--------
17:Mahindra XUV500 Mahindra XUV500 W11 Option BSIV
Rs. 18.00 Lakh
--------
18:Mahindra XUV500 Mahindra XUV500 W10 AWD
Rs. 9.50 Lakh
--------
19:Mahindra XUV500 2011-2015 Mahindra XUV500 W8 FWD
Rs. 8.00 Lakh
--------
20:Mahindra XUV500 Mahindra XUV500 W6 2WD
Rs. 9.50 Lakh
--------
21:Mahindra XUV500 Mahindra XUV500 W5 BSIV
Rs. 11.00 Lakh
--------
  &amp#27;[32mThen &amp#27;[0m&amp#27;[32mExtracting used Car Details by selecting each car model from popular models list&amp#27;[0m             &amp#27;[90m# StepDefinitions.OldCarsData.extracting_used_car_details_by_selecting_each_car_model_from_popular_models_list()&amp#27;[0m

    Embedding Extract and Display Used Car Details By Selecting Each Car Model from Popular Models List [image/png 1098787 bytes]

]]></system-out>
  </testcase>
  <testcase name="runScenario[&quot;User Capture Error Message By Entering Invalid User Details&quot;, &quot;Identify New Bikes&quot;](3)" classname="testRunner.TestRunner" time="14.955">
    <system-out><![CDATA[
Scenario: User Capture Error Message By Entering Invalid User Details &amp#27;[90m# Features/NewBikesIdentify.feature:15&amp#27;[0m
  &amp#27;[32mGiven &amp#27;[0m&amp#27;[32muser should on the zigwheels.com website Home page&amp#27;[0m            &amp#27;[90m# StepDefinitions.SignUp.user_should_on_the_zigwheels_com_website_Home_page()&amp#27;[0m
  &amp#27;[32mWhen &amp#27;[0m&amp#27;[32mUser clicks the Login/SignUp button&amp#27;[0m                            &amp#27;[90m# StepDefinitions.SignUp.user_clicks_the_login_sign_up_button()&amp#27;[0m
  &amp#27;[32mAnd &amp#27;[0m&amp#27;[32mUser click on Google button to SignUp&amp#27;[0m                           &amp#27;[90m# StepDefinitions.SignUp.user_click_on_google_button_to_sign_up()&amp#27;[0m
  &amp#27;[32mAnd &amp#27;[0m&amp#27;[32mUser enter invalid emailId in Email/Phone field&amp#27;[0m                 &amp#27;[90m# StepDefinitions.SignUp.user_enter_invalid_email_id_in_email_phone_field()&amp#27;[0m
************Error Message after entering Invalid credentials*************
Enter an email or phone number
  &amp#27;[32mThen &amp#27;[0m&amp#27;[32mUser capture Error message after entering invalid email&amp#27;[0m        &amp#27;[90m# StepDefinitions.SignUp.user_capture_error_message_after_entering_invalid_email()&amp#27;[0m

    Embedding User Capture Error Message By Entering Invalid User Details [image/png 57739 bytes]

]]></system-out>
  </testcase>
</testsuite>