<?xml version="1.0" encoding="UTF-8"?>
<testng-results ignored="0" total="3" passed="3" failed="0" skipped="0">
  <reporter-output>
  </reporter-output>
  <suite started-at="2024-03-10T21:08:06 IST" name="Suite" finished-at="2024-03-10T21:17:08 IST" duration-ms="541948">
    <groups>
      <group name="cucumber">
        <method signature="AbstractTestNGCucumberTests.runScenario(io.cucumber.testng.PickleWrapper,io.cucumber.testng.FeatureWrapper)[pri:0, instance:testRunner.TestRunner@7bd7d6d6]" name="runScenario" class="io.cucumber.testng.AbstractTestNGCucumberTests"/>
      </group> <!-- cucumber -->
    </groups>
    <test started-at="2024-03-10T21:08:06 IST" name="Test" finished-at="2024-03-10T21:17:08 IST" duration-ms="541948">
      <class name="testRunner.TestRunner">
        <test-method is-config="true" signature="setUpClass(org.testng.ITestContext)[pri:0, instance:testRunner.TestRunner@7bd7d6d6]" started-at="2024-03-10T21:08:06 IST" name="setUpClass" finished-at="2024-03-10T21:08:29 IST" duration-ms="22833" status="PASS">
          <params>
            <param index="0">
              <value>
                <![CDATA[org.testng.TestRunner@4a0901f0]]>
              </value>
            </param>
          </params>
          <reporter-output>
          </reporter-output>
        </test-method> <!-- setUpClass -->
        <test-method signature="runScenario(io.cucumber.testng.PickleWrapper,io.cucumber.testng.FeatureWrapper)[pri:0, instance:testRunner.TestRunner@7bd7d6d6]" started-at="2024-03-10T21:08:29 IST" name="runScenario" description="Runs Cucumber Scenarios" data-provider="scenarios" finished-at="2024-03-10T21:08:58 IST" duration-ms="28628" status="PASS">
          <params>
            <param index="0">
              <value>
                <![CDATA["Display UpComing Bikes details which should be lessthan 4Lakhs"]]>
              </value>
            </param>
            <param index="1">
              <value>
                <![CDATA["Identify New Bikes"]]>
              </value>
            </param>
          </params>
          <reporter-output>
          </reporter-output>
        </test-method> <!-- runScenario -->
        <test-method signature="runScenario(io.cucumber.testng.PickleWrapper,io.cucumber.testng.FeatureWrapper)[pri:0, instance:testRunner.TestRunner@7bd7d6d6]" started-at="2024-03-10T21:08:58 IST" name="runScenario" description="Runs Cucumber Scenarios" data-provider="scenarios" finished-at="2024-03-10T21:16:50 IST" duration-ms="472477" status="PASS">
          <params>
            <param index="0">
              <value>
                <![CDATA["Extract and Display Used Car Details By Selecting Each Car Model from Popular Models List"]]>
              </value>
            </param>
            <param index="1">
              <value>
                <![CDATA["Identify New Bikes"]]>
              </value>
            </param>
          </params>
          <reporter-output>
          </reporter-output>
        </test-method> <!-- runScenario -->
        <test-method signature="runScenario(io.cucumber.testng.PickleWrapper,io.cucumber.testng.FeatureWrapper)[pri:0, instance:testRunner.TestRunner@7bd7d6d6]" started-at="2024-03-10T21:16:50 IST" name="runScenario" description="Runs Cucumber Scenarios" data-provider="scenarios" finished-at="2024-03-10T21:16:59 IST" duration-ms="8534" status="PASS">
          <params>
            <param index="0">
              <value>
                <![CDATA["User Capture Error Message By Entering Invalid User Details"]]>
              </value>
            </param>
            <param index="1">
              <value>
                <![CDATA["Identify New Bikes"]]>
              </value>
            </param>
          </params>
          <reporter-output>
          </reporter-output>
        </test-method> <!-- runScenario -->
        <test-method is-config="true" signature="tearDownClass()[pri:0, instance:testRunner.TestRunner@7bd7d6d6]" started-at="2024-03-10T21:16:59 IST" name="tearDownClass" finished-at="2024-03-10T21:17:08 IST" duration-ms="9216" status="PASS">
          <reporter-output>
          </reporter-output>
        </test-method> <!-- tearDownClass -->
      </class> <!-- testRunner.TestRunner -->
    </test> <!-- Test -->
  </suite> <!-- Suite -->
</testng-results>
